<?xml version="1.0" encoding="UTF-8"?>
<!-- Generated by org.testng.reporters.JUnitXMLReporter -->
<testsuite ignored="0" hostname="QSP" failures="1" tests="3" name="Test" time="61.255" errors="0" timestamp="2021-07-30T18:33:13 IST">
  <testcase classname="scripts.TakeCourse" name="tc3" time="21.418">
    <failure type="java.lang.AssertionError" message="expected [Learn Core Java for Selenium|Core Java Certification|SkillRary                                   ] but found [Learn Core Java for Selenium|Core Java Certification|SkillRary]">
      <![CDATA[java.lang.AssertionError: expected [Learn Core Java for Selenium|Core Java Certification|SkillRary                                   ] but found [Learn Core Java for Selenium|Core Java Certification|SkillRary]
at scripts.TakeCourse.tc3(TakeCourse.java:31)
at java.base/java.util.ArrayList.forEach(ArrayList.java:1511)
... Removed 32 stack frames]]>
    </failure>
  </testcase> <!-- tc3 -->
  <testcase classname="scripts.FacebookLike" name="tc2" time="14.861"/>
  <testcase classname="scripts.AddingProductCart" name="tc1" time="6.69"/>
</testsuite> <!-- Test -->
